2014-07-18 15:49:15 INFO  Runner:26 - START_APPLICATION
2014-07-18 15:49:15 INFO  Runner:29 - ==================================
2014-07-18 15:49:15 INFO  ConfigFileImpl:23 - READ_CONFIG_PROPERTY
2014-07-18 15:49:15 INFO  ConfigFileImpl:26 - IMPLEMENT_THE_CONFIG_FILE
2014-07-18 15:49:15 INFO  ConfigFile:24 - storiesNumber = 7
2014-07-18 15:49:15 INFO  ConfigFile:26 - elevatorCapasity = 5
2014-07-18 15:49:15 INFO  ConfigFile:28 - passengersNumber = 27
2014-07-18 15:49:15 INFO  ConfigFile:30 - animationBoost = 50
2014-07-18 15:49:17 INFO  Building:16 - ==================================
2014-07-18 15:49:17 INFO  Building:17 - CREATED_BUILDING
2014-07-18 15:49:17 INFO  Building:18 - ==================================
2014-07-18 15:49:17 INFO  Runner:116 - CREATE_PASSENGERS_AND_SET_TO_STORY_CONTAINERS
2014-07-18 15:49:17 INFO  Passenger:23 - CREATED_NEW_PASSENGER: passengerId=IDH8q-1; destinationStory=6; transportationState=NOT_STARTED
2014-07-18 15:49:17 INFO  Passenger:23 - CREATED_NEW_PASSENGER: passengerId=IDd5B-2; destinationStory=2; transportationState=NOT_STARTED
2014-07-18 15:49:17 INFO  Passenger:23 - CREATED_NEW_PASSENGER: passengerId=IDr7H-3; destinationStory=3; transportationState=NOT_STARTED
2014-07-18 15:49:17 INFO  Passenger:23 - CREATED_NEW_PASSENGER: passengerId=IDvxf-4; destinationStory=5; transportationState=NOT_STARTED
2014-07-18 15:49:17 INFO  Passenger:23 - CREATED_NEW_PASSENGER: passengerId=IDT3G-5; destinationStory=4; transportationState=NOT_STARTED
2014-07-18 15:49:17 INFO  Passenger:23 - CREATED_NEW_PASSENGER: passengerId=IDJY4-6; destinationStory=7; transportationState=NOT_STARTED
2014-07-18 15:49:17 INFO  Passenger:23 - CREATED_NEW_PASSENGER: passengerId=IDJy5-7; destinationStory=4; transportationState=NOT_STARTED
2014-07-18 15:49:17 INFO  Passenger:23 - CREATED_NEW_PASSENGER: passengerId=IDF0I-8; destinationStory=1; transportationState=NOT_STARTED
2014-07-18 15:49:17 INFO  Passenger:23 - CREATED_NEW_PASSENGER: passengerId=ID8B5-9; destinationStory=1; transportationState=NOT_STARTED
2014-07-18 15:49:17 INFO  Passenger:23 - CREATED_NEW_PASSENGER: passengerId=ID6yG-10; destinationStory=2; transportationState=NOT_STARTED
2014-07-18 15:49:17 INFO  Passenger:23 - CREATED_NEW_PASSENGER: passengerId=ID5gQ-11; destinationStory=5; transportationState=NOT_STARTED
2014-07-18 15:49:17 INFO  Passenger:23 - CREATED_NEW_PASSENGER: passengerId=IDFfg-12; destinationStory=4; transportationState=NOT_STARTED
2014-07-18 15:49:17 INFO  Passenger:23 - CREATED_NEW_PASSENGER: passengerId=IDimB-13; destinationStory=1; transportationState=NOT_STARTED
2014-07-18 15:49:17 INFO  Passenger:23 - CREATED_NEW_PASSENGER: passengerId=ID9TM-14; destinationStory=5; transportationState=NOT_STARTED
2014-07-18 15:49:17 INFO  Passenger:23 - CREATED_NEW_PASSENGER: passengerId=IDP3E-15; destinationStory=3; transportationState=NOT_STARTED
2014-07-18 15:49:17 INFO  Passenger:23 - CREATED_NEW_PASSENGER: passengerId=IDkvB-16; destinationStory=3; transportationState=NOT_STARTED
2014-07-18 15:49:17 INFO  Passenger:23 - CREATED_NEW_PASSENGER: passengerId=IDSio-17; destinationStory=1; transportationState=NOT_STARTED
2014-07-18 15:49:17 INFO  Passenger:23 - CREATED_NEW_PASSENGER: passengerId=IDsRt-18; destinationStory=6; transportationState=NOT_STARTED
2014-07-18 15:49:17 INFO  Passenger:23 - CREATED_NEW_PASSENGER: passengerId=ID4oV-19; destinationStory=2; transportationState=NOT_STARTED
2014-07-18 15:49:17 INFO  Passenger:23 - CREATED_NEW_PASSENGER: passengerId=IDEGc-20; destinationStory=2; transportationState=NOT_STARTED
2014-07-18 15:49:17 INFO  Passenger:23 - CREATED_NEW_PASSENGER: passengerId=ID2YN-21; destinationStory=4; transportationState=NOT_STARTED
2014-07-18 15:49:17 INFO  Passenger:23 - CREATED_NEW_PASSENGER: passengerId=ID5YG-22; destinationStory=2; transportationState=NOT_STARTED
2014-07-18 15:49:17 INFO  Passenger:23 - CREATED_NEW_PASSENGER: passengerId=IDlWH-23; destinationStory=7; transportationState=NOT_STARTED
2014-07-18 15:49:17 INFO  Passenger:23 - CREATED_NEW_PASSENGER: passengerId=IDW0k-24; destinationStory=4; transportationState=NOT_STARTED
2014-07-18 15:49:17 INFO  Passenger:23 - CREATED_NEW_PASSENGER: passengerId=IDxpL-25; destinationStory=5; transportationState=NOT_STARTED
2014-07-18 15:49:17 INFO  Passenger:23 - CREATED_NEW_PASSENGER: passengerId=IDcU3-26; destinationStory=3; transportationState=NOT_STARTED
2014-07-18 15:49:17 INFO  Passenger:23 - CREATED_NEW_PASSENGER: passengerId=ID6Bq-27; destinationStory=5; transportationState=NOT_STARTED
2014-07-18 15:49:22 INFO  Runner:72 - ==================================
2014-07-18 15:49:22 INFO  Runner:73 - STARTING_TRANSPORTATION
2014-07-18 15:49:22 INFO  Runner:74 - ==================================
2014-07-18 15:49:22 INFO  Runner:77 - CREATE_PASSENGER_TRANSPORTATION_TASKS
2014-07-18 15:49:22 INFO  TransportationTask:25 - created passenger thread IDH8q-1
2014-07-18 15:49:22 INFO  TransportationTask:25 - created passenger thread IDd5B-2
2014-07-18 15:49:22 INFO  TransportationTask:25 - created passenger thread IDr7H-3
2014-07-18 15:49:22 INFO  TransportationTask:25 - created passenger thread IDvxf-4
2014-07-18 15:49:22 INFO  TransportationTask:25 - created passenger thread IDT3G-5
2014-07-18 15:49:22 INFO  TransportationTask:25 - created passenger thread IDJY4-6
2014-07-18 15:49:22 INFO  TransportationTask:25 - created passenger thread IDJy5-7
2014-07-18 15:49:22 INFO  TransportationTask:25 - created passenger thread IDF0I-8
2014-07-18 15:49:22 INFO  TransportationTask:25 - created passenger thread ID8B5-9
2014-07-18 15:49:22 INFO  TransportationTask:25 - created passenger thread ID6yG-10
2014-07-18 15:49:22 INFO  TransportationTask:25 - created passenger thread ID5gQ-11
2014-07-18 15:49:22 INFO  TransportationTask:25 - created passenger thread IDFfg-12
2014-07-18 15:49:22 INFO  TransportationTask:25 - created passenger thread IDimB-13
2014-07-18 15:49:22 INFO  TransportationTask:25 - created passenger thread ID9TM-14
2014-07-18 15:49:22 INFO  TransportationTask:25 - created passenger thread IDP3E-15
2014-07-18 15:49:22 INFO  TransportationTask:25 - created passenger thread IDkvB-16
2014-07-18 15:49:22 INFO  TransportationTask:25 - created passenger thread IDSio-17
2014-07-18 15:49:22 INFO  TransportationTask:25 - created passenger thread IDsRt-18
2014-07-18 15:49:22 INFO  TransportationTask:25 - created passenger thread ID4oV-19
2014-07-18 15:49:22 INFO  TransportationTask:25 - created passenger thread IDEGc-20
2014-07-18 15:49:22 INFO  TransportationTask:25 - created passenger thread ID2YN-21
2014-07-18 15:49:22 INFO  TransportationTask:25 - created passenger thread ID5YG-22
2014-07-18 15:49:22 INFO  TransportationTask:25 - created passenger thread IDlWH-23
2014-07-18 15:49:22 INFO  TransportationTask:25 - created passenger thread IDW0k-24
2014-07-18 15:49:22 INFO  TransportationTask:25 - created passenger thread IDxpL-25
2014-07-18 15:49:22 INFO  TransportationTask:25 - created passenger thread IDcU3-26
2014-07-18 15:49:22 INFO  TransportationTask:25 - created passenger thread ID6Bq-27
2014-07-18 15:49:22 INFO  Runner:92 - ==================================
2014-07-18 15:49:22 INFO  Runner:94 - ELEVATOR_STARTING
2014-07-18 15:49:22 INFO  Controller:148 - BOADING_OF_PASSENGER (IDH8q-1 on 1)
2014-07-18 15:49:23 INFO  Controller:148 - BOADING_OF_PASSENGER (IDd5B-2 on 1)
2014-07-18 15:49:24 INFO  Controller:148 - BOADING_OF_PASSENGER (IDr7H-3 on 1)
2014-07-18 15:49:25 INFO  Controller:148 - BOADING_OF_PASSENGER (IDvxf-4 on 1)
2014-07-18 15:49:25 INFO  Controller:339 - MOVING_ELEVATOR (from 1 to 2)
2014-07-18 15:49:26 INFO  Controller:203 - DEBOADING_OF_PASSENGER (IDd5B-2 on 2)
2014-07-18 15:49:27 INFO  Controller:148 - BOADING_OF_PASSENGER (IDT3G-5 on 2)
2014-07-18 15:49:28 INFO  Controller:148 - BOADING_OF_PASSENGER (IDJY4-6 on 2)
2014-07-18 15:49:29 INFO  Controller:339 - MOVING_ELEVATOR (from 2 to 3)
2014-07-18 15:49:30 INFO  Controller:203 - DEBOADING_OF_PASSENGER (IDr7H-3 on 3)
2014-07-18 15:49:31 INFO  Controller:148 - BOADING_OF_PASSENGER (ID5gQ-11 on 3)
2014-07-18 15:49:32 INFO  Controller:339 - MOVING_ELEVATOR (from 3 to 4)
2014-07-18 15:49:32 INFO  Controller:203 - DEBOADING_OF_PASSENGER (IDT3G-5 on 4)
2014-07-18 15:49:33 INFO  Controller:148 - BOADING_OF_PASSENGER (ID9TM-14 on 4)
2014-07-18 15:49:34 INFO  Controller:339 - MOVING_ELEVATOR (from 4 to 5)
2014-07-18 15:49:35 INFO  Controller:203 - DEBOADING_OF_PASSENGER (IDvxf-4 on 5)
2014-07-18 15:49:36 INFO  Controller:203 - DEBOADING_OF_PASSENGER (ID5gQ-11 on 5)
2014-07-18 15:49:37 INFO  Controller:203 - DEBOADING_OF_PASSENGER (ID9TM-14 on 5)
2014-07-18 15:49:37 INFO  Controller:148 - BOADING_OF_PASSENGER (IDsRt-18 on 5)
2014-07-18 15:49:38 INFO  Controller:339 - MOVING_ELEVATOR (from 5 to 6)
2014-07-18 15:49:39 INFO  Controller:203 - DEBOADING_OF_PASSENGER (IDH8q-1 on 6)
2014-07-18 15:49:40 INFO  Controller:203 - DEBOADING_OF_PASSENGER (IDsRt-18 on 6)
2014-07-18 15:49:41 INFO  Controller:148 - BOADING_OF_PASSENGER (IDlWH-23 on 6)
2014-07-18 15:49:42 INFO  Controller:339 - MOVING_ELEVATOR (from 6 to 7)
2014-07-18 15:49:42 INFO  Controller:203 - DEBOADING_OF_PASSENGER (IDJY4-6 on 7)
2014-07-18 15:49:43 INFO  Controller:203 - DEBOADING_OF_PASSENGER (IDlWH-23 on 7)
2014-07-18 15:49:44 INFO  Controller:148 - BOADING_OF_PASSENGER (IDxpL-25 on 7)
2014-07-18 15:49:45 INFO  Controller:148 - BOADING_OF_PASSENGER (IDcU3-26 on 7)
2014-07-18 15:49:45 INFO  Controller:148 - BOADING_OF_PASSENGER (ID6Bq-27 on 7)
2014-07-18 15:49:46 INFO  Controller:339 - MOVING_ELEVATOR (from 7 to 6)
2014-07-18 15:49:47 INFO  Controller:148 - BOADING_OF_PASSENGER (ID2YN-21 on 6)
2014-07-18 15:49:48 INFO  Controller:148 - BOADING_OF_PASSENGER (ID5YG-22 on 6)
2014-07-18 15:49:49 INFO  Controller:339 - MOVING_ELEVATOR (from 6 to 5)
2014-07-18 15:49:50 INFO  Controller:203 - DEBOADING_OF_PASSENGER (IDxpL-25 on 5)
2014-07-18 15:49:51 INFO  Controller:203 - DEBOADING_OF_PASSENGER (ID6Bq-27 on 5)
2014-07-18 15:49:51 INFO  Controller:148 - BOADING_OF_PASSENGER (IDSio-17 on 5)
2014-07-18 15:49:52 INFO  Controller:148 - BOADING_OF_PASSENGER (ID4oV-19 on 5)
2014-07-18 15:49:53 INFO  Controller:339 - MOVING_ELEVATOR (from 5 to 4)
2014-07-18 15:49:54 INFO  Controller:203 - DEBOADING_OF_PASSENGER (ID2YN-21 on 4)
2014-07-18 15:49:55 INFO  Controller:148 - BOADING_OF_PASSENGER (IDimB-13 on 4)
2014-07-18 15:49:56 INFO  Controller:339 - MOVING_ELEVATOR (from 4 to 3)
2014-07-18 15:49:57 INFO  Controller:203 - DEBOADING_OF_PASSENGER (IDcU3-26 on 3)
2014-07-18 15:49:57 INFO  Controller:148 - BOADING_OF_PASSENGER (ID8B5-9 on 3)
2014-07-18 15:49:58 INFO  Controller:339 - MOVING_ELEVATOR (from 3 to 2)
2014-07-18 15:49:59 INFO  Controller:203 - DEBOADING_OF_PASSENGER (ID5YG-22 on 2)
2014-07-18 15:50:00 INFO  Controller:203 - DEBOADING_OF_PASSENGER (ID4oV-19 on 2)
2014-07-18 15:50:01 INFO  Controller:148 - BOADING_OF_PASSENGER (IDF0I-8 on 2)
2014-07-18 15:50:02 INFO  Controller:339 - MOVING_ELEVATOR (from 2 to 1)
2014-07-18 15:50:03 INFO  Controller:203 - DEBOADING_OF_PASSENGER (IDSio-17 on 1)
2014-07-18 15:50:03 INFO  Controller:203 - DEBOADING_OF_PASSENGER (IDimB-13 on 1)
2014-07-18 15:50:04 INFO  Controller:203 - DEBOADING_OF_PASSENGER (ID8B5-9 on 1)
2014-07-18 15:50:05 INFO  Controller:203 - DEBOADING_OF_PASSENGER (IDF0I-8 on 1)
2014-07-18 15:50:06 INFO  Controller:339 - MOVING_ELEVATOR (from 1 to 2)
2014-07-18 15:50:06 INFO  Controller:148 - BOADING_OF_PASSENGER (IDJy5-7 on 2)
2014-07-18 15:50:07 INFO  Controller:339 - MOVING_ELEVATOR (from 2 to 3)
2014-07-18 15:50:08 INFO  Controller:148 - BOADING_OF_PASSENGER (IDFfg-12 on 3)
2014-07-18 15:50:09 INFO  Controller:339 - MOVING_ELEVATOR (from 3 to 4)
2014-07-18 15:50:10 INFO  Controller:203 - DEBOADING_OF_PASSENGER (IDJy5-7 on 4)
2014-07-18 15:50:11 INFO  Controller:203 - DEBOADING_OF_PASSENGER (IDFfg-12 on 4)
2014-07-18 15:50:12 INFO  Controller:339 - MOVING_ELEVATOR (from 4 to 5)
2014-07-18 15:50:12 INFO  Controller:339 - MOVING_ELEVATOR (from 5 to 6)
2014-07-18 15:50:13 INFO  Controller:339 - MOVING_ELEVATOR (from 6 to 7)
2014-07-18 15:50:14 INFO  Controller:339 - MOVING_ELEVATOR (from 7 to 6)
2014-07-18 15:50:15 INFO  Controller:148 - BOADING_OF_PASSENGER (IDW0k-24 on 6)
2014-07-18 15:50:16 INFO  Controller:339 - MOVING_ELEVATOR (from 6 to 5)
2014-07-18 15:50:17 INFO  Controller:148 - BOADING_OF_PASSENGER (IDEGc-20 on 5)
2014-07-18 15:50:17 INFO  Controller:339 - MOVING_ELEVATOR (from 5 to 4)
2014-07-18 15:50:18 INFO  Controller:203 - DEBOADING_OF_PASSENGER (IDW0k-24 on 4)
2014-07-18 15:50:19 INFO  Controller:148 - BOADING_OF_PASSENGER (IDP3E-15 on 4)
2014-07-18 15:50:20 INFO  Controller:148 - BOADING_OF_PASSENGER (IDkvB-16 on 4)
2014-07-18 15:50:21 INFO  Controller:339 - MOVING_ELEVATOR (from 4 to 3)
2014-07-18 15:50:22 INFO  Controller:203 - DEBOADING_OF_PASSENGER (IDP3E-15 on 3)
2014-07-18 15:50:23 INFO  Controller:203 - DEBOADING_OF_PASSENGER (IDkvB-16 on 3)
2014-07-18 15:50:23 INFO  Controller:148 - BOADING_OF_PASSENGER (ID6yG-10 on 3)
2014-07-18 15:50:24 INFO  Controller:339 - MOVING_ELEVATOR (from 3 to 2)
2014-07-18 15:50:25 INFO  Controller:203 - DEBOADING_OF_PASSENGER (IDEGc-20 on 2)
2014-07-18 15:50:26 INFO  Controller:203 - DEBOADING_OF_PASSENGER (ID6yG-10 on 2)
2014-07-18 15:50:27 INFO  Runner:99 - ==================================
2014-07-18 15:50:27 INFO  Runner:100 - COMPLETION_TRANSPORTATION
2014-07-18 15:50:27 INFO  Runner:101 - ==================================
2014-07-18 15:50:27 INFO  Controller:396 - VALIDATION
2014-07-18 15:50:27 INFO  Controller:406 - dispatch stories are empty. VALIDATION - OK
2014-07-18 15:50:27 ERROR Controller:419 - elevator is empty. VALIDATION - OK
2014-07-18 15:50:27 ERROR Controller:459 - all passengers have transportationState.COMPLETED. VALIDATION - OK
2014-07-18 15:50:27 ERROR Controller:463 - all passengers got correct destination. VALIDATION - OK
2014-07-18 15:50:27 ERROR Controller:469 - arrival stories are equal passengersNumber. VALIDATION - OK
2014-07-18 15:50:27 INFO  Runner:106 - ==================================
2014-07-18 15:50:27 INFO  Runner:110 - FINISH_APPLICATION
