2014-04-27 13:47:28 INFO  Runner:26 - START_APPLICATION
2014-04-27 13:47:28 INFO  Runner:29 - ==================================
2014-04-27 13:47:28 INFO  ConfigFileImpl:23 - READ_CONFIG_PROPERTY
2014-04-27 13:47:28 INFO  ConfigFileImpl:26 - IMPLEMENT_THE_CONFIG_FILE
2014-04-27 13:47:28 INFO  ConfigFile:24 - storiesNumber = 8
2014-04-27 13:47:28 INFO  ConfigFile:26 - elevatorCapasity = 5
2014-04-27 13:47:28 INFO  ConfigFile:28 - passengersNumber = 27
2014-04-27 13:47:28 INFO  ConfigFile:30 - animationBoost = 10
2014-04-27 13:47:38 INFO  Building:16 - ==================================
2014-04-27 13:47:38 INFO  Building:17 - CREATED_BUILDING
2014-04-27 13:47:38 INFO  Building:18 - ==================================
2014-04-27 13:47:38 INFO  Runner:116 - CREATE_PASSENGERS_AND_SET_TO_STORY_CONTAINERS
2014-04-27 13:47:38 INFO  Passenger:23 - CREATED_NEW_PASSENGER: passengerId=IDNDX-1; destinationStory=5; transportationState=NOT_STARTED
2014-04-27 13:47:38 INFO  Passenger:23 - CREATED_NEW_PASSENGER: passengerId=IDkxE-2; destinationStory=6; transportationState=NOT_STARTED
2014-04-27 13:47:38 INFO  Passenger:23 - CREATED_NEW_PASSENGER: passengerId=IDVNq-3; destinationStory=2; transportationState=NOT_STARTED
2014-04-27 13:47:38 INFO  Passenger:23 - CREATED_NEW_PASSENGER: passengerId=IDSIR-4; destinationStory=8; transportationState=NOT_STARTED
2014-04-27 13:47:38 INFO  Passenger:23 - CREATED_NEW_PASSENGER: passengerId=IDaTA-5; destinationStory=1; transportationState=NOT_STARTED
2014-04-27 13:47:38 INFO  Passenger:23 - CREATED_NEW_PASSENGER: passengerId=IDHog-6; destinationStory=4; transportationState=NOT_STARTED
2014-04-27 13:47:38 INFO  Passenger:23 - CREATED_NEW_PASSENGER: passengerId=IDgih-7; destinationStory=1; transportationState=NOT_STARTED
2014-04-27 13:47:38 INFO  Passenger:23 - CREATED_NEW_PASSENGER: passengerId=IDQV2-8; destinationStory=3; transportationState=NOT_STARTED
2014-04-27 13:47:38 INFO  Passenger:23 - CREATED_NEW_PASSENGER: passengerId=IDGvl-9; destinationStory=1; transportationState=NOT_STARTED
2014-04-27 13:47:38 INFO  Passenger:23 - CREATED_NEW_PASSENGER: passengerId=IDso4-10; destinationStory=8; transportationState=NOT_STARTED
2014-04-27 13:47:38 INFO  Passenger:23 - CREATED_NEW_PASSENGER: passengerId=IDyu9-11; destinationStory=6; transportationState=NOT_STARTED
2014-04-27 13:47:38 INFO  Passenger:23 - CREATED_NEW_PASSENGER: passengerId=IDEdn-12; destinationStory=4; transportationState=NOT_STARTED
2014-04-27 13:47:38 INFO  Passenger:23 - CREATED_NEW_PASSENGER: passengerId=IDlc8-13; destinationStory=8; transportationState=NOT_STARTED
2014-04-27 13:47:38 INFO  Passenger:23 - CREATED_NEW_PASSENGER: passengerId=IDVdw-14; destinationStory=2; transportationState=NOT_STARTED
2014-04-27 13:47:38 INFO  Passenger:23 - CREATED_NEW_PASSENGER: passengerId=ID0N2-15; destinationStory=2; transportationState=NOT_STARTED
2014-04-27 13:47:38 INFO  Passenger:23 - CREATED_NEW_PASSENGER: passengerId=IDXd9-16; destinationStory=2; transportationState=NOT_STARTED
2014-04-27 13:47:38 INFO  Passenger:23 - CREATED_NEW_PASSENGER: passengerId=IDg11-17; destinationStory=8; transportationState=NOT_STARTED
2014-04-27 13:47:38 INFO  Passenger:23 - CREATED_NEW_PASSENGER: passengerId=IDjCO-18; destinationStory=3; transportationState=NOT_STARTED
2014-04-27 13:47:38 INFO  Passenger:23 - CREATED_NEW_PASSENGER: passengerId=IDnSy-19; destinationStory=7; transportationState=NOT_STARTED
2014-04-27 13:47:38 INFO  Passenger:23 - CREATED_NEW_PASSENGER: passengerId=IDQ1t-20; destinationStory=5; transportationState=NOT_STARTED
2014-04-27 13:47:38 INFO  Passenger:23 - CREATED_NEW_PASSENGER: passengerId=IDYvs-21; destinationStory=3; transportationState=NOT_STARTED
2014-04-27 13:47:38 INFO  Passenger:23 - CREATED_NEW_PASSENGER: passengerId=ID9lB-22; destinationStory=1; transportationState=NOT_STARTED
2014-04-27 13:47:38 INFO  Passenger:23 - CREATED_NEW_PASSENGER: passengerId=IDYxb-23; destinationStory=4; transportationState=NOT_STARTED
2014-04-27 13:47:38 INFO  Passenger:23 - CREATED_NEW_PASSENGER: passengerId=IDYmq-24; destinationStory=6; transportationState=NOT_STARTED
2014-04-27 13:47:38 INFO  Passenger:23 - CREATED_NEW_PASSENGER: passengerId=IDqwR-25; destinationStory=1; transportationState=NOT_STARTED
2014-04-27 13:47:38 INFO  Passenger:23 - CREATED_NEW_PASSENGER: passengerId=IDXo7-26; destinationStory=4; transportationState=NOT_STARTED
2014-04-27 13:47:38 INFO  Passenger:23 - CREATED_NEW_PASSENGER: passengerId=ID5X3-27; destinationStory=6; transportationState=NOT_STARTED
2014-04-27 13:47:40 INFO  Runner:72 - ==================================
2014-04-27 13:47:40 INFO  Runner:73 - STARTING_TRANSPORTATION
2014-04-27 13:47:40 INFO  Runner:74 - ==================================
2014-04-27 13:47:40 INFO  Runner:77 - CREATE_PASSENGER_TRANSPORTATION_TASKS
2014-04-27 13:47:40 INFO  TransportationTask:25 - created passenger thread IDNDX-1
2014-04-27 13:47:40 INFO  TransportationTask:25 - created passenger thread IDkxE-2
2014-04-27 13:47:40 INFO  TransportationTask:25 - created passenger thread IDVNq-3
2014-04-27 13:47:40 INFO  TransportationTask:25 - created passenger thread IDSIR-4
2014-04-27 13:47:40 INFO  TransportationTask:25 - created passenger thread IDaTA-5
2014-04-27 13:47:40 INFO  TransportationTask:25 - created passenger thread IDHog-6
2014-04-27 13:47:40 INFO  TransportationTask:25 - created passenger thread IDgih-7
2014-04-27 13:47:40 INFO  TransportationTask:25 - created passenger thread IDQV2-8
2014-04-27 13:47:40 INFO  TransportationTask:25 - created passenger thread IDGvl-9
2014-04-27 13:47:40 INFO  TransportationTask:25 - created passenger thread IDso4-10
2014-04-27 13:47:40 INFO  TransportationTask:25 - created passenger thread IDyu9-11
2014-04-27 13:47:40 INFO  TransportationTask:25 - created passenger thread IDEdn-12
2014-04-27 13:47:40 INFO  TransportationTask:25 - created passenger thread IDlc8-13
2014-04-27 13:47:40 INFO  TransportationTask:25 - created passenger thread IDVdw-14
2014-04-27 13:47:40 INFO  TransportationTask:25 - created passenger thread ID0N2-15
2014-04-27 13:47:40 INFO  TransportationTask:25 - created passenger thread IDXd9-16
2014-04-27 13:47:40 INFO  TransportationTask:25 - created passenger thread IDg11-17
2014-04-27 13:47:40 INFO  TransportationTask:25 - created passenger thread IDjCO-18
2014-04-27 13:47:40 INFO  TransportationTask:25 - created passenger thread IDnSy-19
2014-04-27 13:47:40 INFO  TransportationTask:25 - created passenger thread IDQ1t-20
2014-04-27 13:47:40 INFO  TransportationTask:25 - created passenger thread IDYvs-21
2014-04-27 13:47:40 INFO  TransportationTask:25 - created passenger thread ID9lB-22
2014-04-27 13:47:40 INFO  TransportationTask:25 - created passenger thread IDYxb-23
2014-04-27 13:47:40 INFO  TransportationTask:25 - created passenger thread IDYmq-24
2014-04-27 13:47:40 INFO  TransportationTask:25 - created passenger thread IDqwR-25
2014-04-27 13:47:40 INFO  TransportationTask:25 - created passenger thread IDXo7-26
2014-04-27 13:47:40 INFO  TransportationTask:25 - created passenger thread ID5X3-27
2014-04-27 13:47:40 INFO  Runner:92 - ==================================
2014-04-27 13:47:40 INFO  Runner:94 - ELEVATOR_STARTING
2014-04-27 13:47:41 INFO  Controller:148 - BOADING_OF_PASSENGER (IDNDX-1 on 1)
2014-04-27 13:47:41 INFO  Controller:148 - BOADING_OF_PASSENGER (IDkxE-2 on 1)
2014-04-27 13:47:42 INFO  Controller:148 - BOADING_OF_PASSENGER (IDVNq-3 on 1)
2014-04-27 13:47:42 INFO  Controller:148 - BOADING_OF_PASSENGER (IDSIR-4 on 1)
2014-04-27 13:47:43 INFO  Controller:339 - MOVING_ELEVATOR (from 1 to 2)
2014-04-27 13:47:44 INFO  Controller:203 - DEBOADING_OF_PASSENGER (IDVNq-3 on 2)
2014-04-27 13:47:44 INFO  Controller:148 - BOADING_OF_PASSENGER (IDHog-6 on 2)
2014-04-27 13:47:45 INFO  Controller:148 - BOADING_OF_PASSENGER (IDQV2-8 on 2)
2014-04-27 13:47:45 INFO  Controller:339 - MOVING_ELEVATOR (from 2 to 3)
2014-04-27 13:47:46 INFO  Controller:203 - DEBOADING_OF_PASSENGER (IDQV2-8 on 3)
2014-04-27 13:47:46 INFO  Controller:148 - BOADING_OF_PASSENGER (IDso4-10 on 3)
2014-04-27 13:47:47 INFO  Controller:339 - MOVING_ELEVATOR (from 3 to 4)
2014-04-27 13:47:48 INFO  Controller:203 - DEBOADING_OF_PASSENGER (IDHog-6 on 4)
2014-04-27 13:47:48 INFO  Controller:148 - BOADING_OF_PASSENGER (IDlc8-13 on 4)
2014-04-27 13:47:49 INFO  Controller:339 - MOVING_ELEVATOR (from 4 to 5)
2014-04-27 13:47:50 INFO  Controller:203 - DEBOADING_OF_PASSENGER (IDNDX-1 on 5)
2014-04-27 13:47:50 INFO  Controller:148 - BOADING_OF_PASSENGER (IDg11-17 on 5)
2014-04-27 13:47:51 INFO  Controller:339 - MOVING_ELEVATOR (from 5 to 6)
2014-04-27 13:47:52 INFO  Controller:203 - DEBOADING_OF_PASSENGER (IDkxE-2 on 6)
2014-04-27 13:47:52 INFO  Controller:148 - BOADING_OF_PASSENGER (IDnSy-19 on 6)
2014-04-27 13:47:53 INFO  Controller:339 - MOVING_ELEVATOR (from 6 to 7)
2014-04-27 13:47:53 INFO  Controller:203 - DEBOADING_OF_PASSENGER (IDnSy-19 on 7)
2014-04-27 13:47:54 INFO  Controller:339 - MOVING_ELEVATOR (from 7 to 8)
2014-04-27 13:47:55 INFO  Controller:203 - DEBOADING_OF_PASSENGER (IDSIR-4 on 8)
2014-04-27 13:47:55 INFO  Controller:203 - DEBOADING_OF_PASSENGER (IDso4-10 on 8)
2014-04-27 13:47:56 INFO  Controller:203 - DEBOADING_OF_PASSENGER (IDlc8-13 on 8)
2014-04-27 13:47:56 INFO  Controller:203 - DEBOADING_OF_PASSENGER (IDg11-17 on 8)
2014-04-27 13:47:57 INFO  Controller:148 - BOADING_OF_PASSENGER (IDqwR-25 on 8)
2014-04-27 13:47:57 INFO  Controller:148 - BOADING_OF_PASSENGER (IDXo7-26 on 8)
2014-04-27 13:47:58 INFO  Controller:148 - BOADING_OF_PASSENGER (ID5X3-27 on 8)
2014-04-27 13:47:58 INFO  Controller:339 - MOVING_ELEVATOR (from 8 to 7)
2014-04-27 13:47:59 INFO  Controller:148 - BOADING_OF_PASSENGER (ID9lB-22 on 7)
2014-04-27 13:48:00 INFO  Controller:148 - BOADING_OF_PASSENGER (IDYxb-23 on 7)
2014-04-27 13:48:00 INFO  Controller:339 - MOVING_ELEVATOR (from 7 to 6)
2014-04-27 13:48:01 INFO  Controller:203 - DEBOADING_OF_PASSENGER (ID5X3-27 on 6)
2014-04-27 13:48:01 INFO  Controller:148 - BOADING_OF_PASSENGER (IDQ1t-20 on 6)
2014-04-27 13:48:02 INFO  Controller:339 - MOVING_ELEVATOR (from 6 to 5)
2014-04-27 13:48:03 INFO  Controller:203 - DEBOADING_OF_PASSENGER (IDQ1t-20 on 5)
2014-04-27 13:48:03 INFO  Controller:148 - BOADING_OF_PASSENGER (IDXd9-16 on 5)
2014-04-27 13:48:04 INFO  Controller:339 - MOVING_ELEVATOR (from 5 to 4)
2014-04-27 13:48:05 INFO  Controller:203 - DEBOADING_OF_PASSENGER (IDXo7-26 on 4)
2014-04-27 13:48:05 INFO  Controller:203 - DEBOADING_OF_PASSENGER (IDYxb-23 on 4)
2014-04-27 13:48:06 INFO  Controller:148 - BOADING_OF_PASSENGER (IDVdw-14 on 4)
2014-04-27 13:48:06 INFO  Controller:148 - BOADING_OF_PASSENGER (ID0N2-15 on 4)
2014-04-27 13:48:07 INFO  Controller:339 - MOVING_ELEVATOR (from 4 to 3)
2014-04-27 13:48:08 INFO  Controller:339 - MOVING_ELEVATOR (from 3 to 2)
2014-04-27 13:48:08 INFO  Controller:203 - DEBOADING_OF_PASSENGER (IDXd9-16 on 2)
2014-04-27 13:48:09 INFO  Controller:203 - DEBOADING_OF_PASSENGER (IDVdw-14 on 2)
2014-04-27 13:48:09 INFO  Controller:203 - DEBOADING_OF_PASSENGER (ID0N2-15 on 2)
2014-04-27 13:48:10 INFO  Controller:148 - BOADING_OF_PASSENGER (IDaTA-5 on 2)
2014-04-27 13:48:10 INFO  Controller:148 - BOADING_OF_PASSENGER (IDgih-7 on 2)
2014-04-27 13:48:11 INFO  Controller:339 - MOVING_ELEVATOR (from 2 to 1)
2014-04-27 13:48:12 INFO  Controller:203 - DEBOADING_OF_PASSENGER (IDqwR-25 on 1)
2014-04-27 13:48:12 INFO  Controller:203 - DEBOADING_OF_PASSENGER (ID9lB-22 on 1)
2014-04-27 13:48:12 INFO  Controller:203 - DEBOADING_OF_PASSENGER (IDaTA-5 on 1)
2014-04-27 13:48:13 INFO  Controller:203 - DEBOADING_OF_PASSENGER (IDgih-7 on 1)
2014-04-27 13:48:14 INFO  Controller:339 - MOVING_ELEVATOR (from 1 to 2)
2014-04-27 13:48:15 INFO  Controller:339 - MOVING_ELEVATOR (from 2 to 3)
